[debug] [2021-03-08T07:00:36.689Z] ----------------------------------------------------------------------
[debug] [2021-03-08T07:00:36.691Z] Command:       C:\Program Files\nodejs\node.exe C:\Users\Jay\AppData\Roaming\npm\node_modules\firebase-tools\lib\bin\firebase.js emulators:start
[debug] [2021-03-08T07:00:36.692Z] CLI Version:   9.5.0
[debug] [2021-03-08T07:00:36.692Z] Platform:      win32
[debug] [2021-03-08T07:00:36.692Z] Node Version:  v14.15.5
[debug] [2021-03-08T07:00:36.693Z] Time:          Mon Mar 08 2021 12:30:36 GMT+0530 (India Standard Time)
[debug] [2021-03-08T07:00:36.693Z] ----------------------------------------------------------------------
[debug] [2021-03-08T07:00:36.694Z] 
[debug] [2021-03-08T07:00:36.696Z] >>> [apiv2][query] GET https://firebase-public.firebaseio.com/cli.json [none]
[debug] [2021-03-08T07:00:36.724Z] > command requires scopes: ["email","openid","https://www.googleapis.com/auth/cloudplatformprojects.readonly","https://www.googleapis.com/auth/firebase","https://www.googleapis.com/auth/cloud-platform"]
[debug] [2021-03-08T07:00:36.725Z] > authorizing via signed-in user
[info] i  emulators: Starting emulators: functions {"metadata":{"emulator":{"name":"hub"},"message":"Starting emulators: functions"}}
[warn] !  emulators: It seems that you are running multiple instances of the emulator suite for project clone-7a3af. This may result in unexpected behavior. 
[debug] [2021-03-08T07:00:36.754Z] [hub] writing locator at C:\Users\Jay\AppData\Local\Temp\hub-clone-7a3af.json
[warn] !  functions: The following emulators are not running, calls to these services from the Functions emulator will affect production: auth, firestore, database, hosting, pubsub {"metadata":{"emulator":{"name":"functions"},"message":"The following emulators are not running, calls to these services from the Functions emulator will affect production: \u001b[1mauth, firestore, database, hosting, pubsub\u001b[22m"}}
[warn] !  Your requested "node" version "12" doesn't match your global version "14" {"metadata":{"emulator":{"name":"functions"},"message":"Your requested \"node\" version \"12\" doesn't match your global version \"14\""}}
[debug] [2021-03-08T07:00:36.782Z] defaultcredentials: writing to file C:\Users\Jay\AppData\Roaming\firebase\jprabhu35_gmail_com_application_default_credentials.json
[debug] [2021-03-08T07:00:36.785Z] Setting GAC to C:\Users\Jay\AppData\Roaming\firebase\jprabhu35_gmail_com_application_default_credentials.json {"metadata":{"emulator":{"name":"functions"},"message":"Setting GAC to C:\\Users\\Jay\\AppData\\Roaming\\firebase\\jprabhu35_gmail_com_application_default_credentials.json"}}
[debug] [2021-03-08T07:00:36.786Z] > refreshing access token with scopes: []
[debug] [2021-03-08T07:00:36.787Z] >>> HTTP REQUEST POST https://www.googleapis.com/oauth2/v3/token  
 <request body omitted>
[debug] [2021-03-08T07:00:36.980Z] <<< HTTP RESPONSE 200 {"cache-control":"no-cache, no-store, max-age=0, must-revalidate","date":"Mon, 08 Mar 2021 06:55:10 GMT","expires":"Mon, 01 Jan 1990 00:00:00 GMT","pragma":"no-cache","content-type":"application/json; charset=utf-8","vary":"X-Origin, Referer, Origin,Accept-Encoding","server":"scaffolding on HTTPServer2","x-xss-protection":"0","x-frame-options":"SAMEORIGIN","x-content-type-options":"nosniff","alt-svc":"h3-29=\":443\"; ma=2592000,h3-T051=\":443\"; ma=2592000,h3-Q050=\":443\"; ma=2592000,h3-Q046=\":443\"; ma=2592000,h3-Q043=\":443\"; ma=2592000,quic=\":443\"; ma=2592000; v=\"46,43\"","accept-ranges":"none","transfer-encoding":"chunked"}
[debug] [2021-03-08T07:00:36.985Z] >>> [apiv2][query] GET https://firebase.googleapis.com/v1beta1/projects/clone-7a3af/adminSdkConfig [none]
[debug] [2021-03-08T07:00:37.551Z] <<< [apiv2][status] GET https://firebase-public.firebaseio.com/cli.json 200
[debug] [2021-03-08T07:00:37.551Z] <<< [apiv2][body] GET https://firebase-public.firebaseio.com/cli.json {"cloudBuildErrorAfter":1594252800000,"cloudBuildWarnAfter":1590019200000,"defaultNode10After":1594252800000,"minVersion":"3.0.5","node8DeploysDisabledAfter":1613390400000,"node8RuntimeDisabledAfter":1615809600000,"node8WarnAfter":1600128000000}
[debug] [2021-03-08T07:00:37.625Z] <<< [apiv2][status] GET https://firebase.googleapis.com/v1beta1/projects/clone-7a3af/adminSdkConfig 200
[debug] [2021-03-08T07:00:37.625Z] <<< [apiv2][body] GET https://firebase.googleapis.com/v1beta1/projects/clone-7a3af/adminSdkConfig {"projectId":"clone-7a3af","storageBucket":"clone-7a3af.appspot.com","locationId":"us-central"}
[debug] [2021-03-08T07:00:37.642Z] Ignoring unsupported arg: auto_download {"metadata":{"emulator":{"name":"ui"},"message":"Ignoring unsupported arg: auto_download"}}
[debug] [2021-03-08T07:00:37.643Z] Ignoring unsupported arg: port {"metadata":{"emulator":{"name":"ui"},"message":"Ignoring unsupported arg: port"}}
[debug] [2021-03-08T07:00:37.643Z] Starting Emulator UI with command {"binary":"node","args":["C:\\Users\\Jay\\.cache\\firebase\\emulators\\ui-v1.4.2\\server.bundle.js"],"optionalArgs":[],"joinArgs":false} {"metadata":{"emulator":{"name":"ui"},"message":"Starting Emulator UI with command {\"binary\":\"node\",\"args\":[\"C:\\\\Users\\\\Jay\\\\.cache\\\\firebase\\\\emulators\\\\ui-v1.4.2\\\\server.bundle.js\"],\"optionalArgs\":[],\"joinArgs\":false}"}}
[info] i  ui: Emulator UI logging to ui-debug.log {"metadata":{"emulator":{"name":"ui"},"message":"Emulator UI logging to \u001b[1mui-debug.log\u001b[22m"}}
[debug] [2021-03-08T07:00:37.789Z] Web / API server started at http://localhost:4000
 {"metadata":{"emulator":{"name":"ui"},"message":"Web / API server started at http://localhost:4000\n"}}
[info] i  functions: Watching "C:\Users\Jay\Desktop\Htmlprojects\amazon-clone\functions" for Cloud Functions... {"metadata":{"emulator":{"name":"functions"},"message":"Watching \"C:\\Users\\Jay\\Desktop\\Htmlprojects\\amazon-clone\\functions\" for Cloud Functions..."}}
[debug] [2021-03-08T07:00:37.917Z] [worker-pool] addWorker(~diagnostic~) {"metadata":{"emulator":{"name":"functions"},"message":"[worker-pool] addWorker(~diagnostic~)"}}
[debug] [2021-03-08T07:00:37.917Z] [worker-pool] Adding worker with key ~diagnostic~, total=1 {"metadata":{"emulator":{"name":"functions"},"message":"[worker-pool] Adding worker with key ~diagnostic~, total=1"}}
[debug] [2021-03-08T07:00:37.917Z] [worker-pool] submitWork(triggerId=) {"metadata":{"emulator":{"name":"functions"},"message":"[worker-pool] submitWork(triggerId=)"}}
[debug] [2021-03-08T07:00:37.918Z] [worker-~diagnostic~-f5cf18f1-f2a9-4768-b7de-02a6960a868d]: Assigning socketPath: \\?\pipe\C:\Users\Jay\Desktop\Htmlprojects\amazon-clone\functions\8248 {"metadata":{"emulator":{"name":"functions"},"message":"[worker-~diagnostic~-f5cf18f1-f2a9-4768-b7de-02a6960a868d]: Assigning socketPath: \\\\?\\pipe\\C:\\Users\\Jay\\Desktop\\Htmlprojects\\amazon-clone\\functions\\8248"}}
[debug] [2021-03-08T07:00:37.918Z] [worker-~diagnostic~-f5cf18f1-f2a9-4768-b7de-02a6960a868d]: BUSY {"metadata":{"emulator":{"name":"functions"},"message":"[worker-~diagnostic~-f5cf18f1-f2a9-4768-b7de-02a6960a868d]: BUSY"}}
[debug] [2021-03-08T07:00:38.177Z] [runtime-status] [8248] Functions runtime initialized. {"cwd":"C:\\Users\\Jay\\Desktop\\Htmlprojects\\amazon-clone\\functions","node_version":"14.15.5"} {"metadata":{"emulator":{"name":"functions"},"message":"[runtime-status] [8248] Functions runtime initialized. {\"cwd\":\"C:\\\\Users\\\\Jay\\\\Desktop\\\\Htmlprojects\\\\amazon-clone\\\\functions\",\"node_version\":\"14.15.5\"}"}}
[debug] [2021-03-08T07:00:38.179Z] [runtime-status] [8248] Disabled runtime features: undefined {"metadata":{"emulator":{"name":"functions"},"message":"[runtime-status] [8248] Disabled runtime features: undefined"}}
[debug] [2021-03-08T07:00:38.184Z] [runtime-status] [8248] Resolved module firebase-admin {"declared":true,"installed":true,"version":"9.5.0","resolution":"C:\\Users\\Jay\\Desktop\\Htmlprojects\\amazon-clone\\functions\\node_modules\\firebase-admin\\lib\\index.js"} {"metadata":{"emulator":{"name":"functions"},"message":"[runtime-status] [8248] Resolved module firebase-admin {\"declared\":true,\"installed\":true,\"version\":\"9.5.0\",\"resolution\":\"C:\\\\Users\\\\Jay\\\\Desktop\\\\Htmlprojects\\\\amazon-clone\\\\functions\\\\node_modules\\\\firebase-admin\\\\lib\\\\index.js\"}"}}
[debug] [2021-03-08T07:00:38.187Z] [runtime-status] [8248] Resolved module firebase-functions {"declared":true,"installed":true,"version":"3.13.2","resolution":"C:\\Users\\Jay\\Desktop\\Htmlprojects\\amazon-clone\\functions\\node_modules\\firebase-functions\\lib\\index.js"} {"metadata":{"emulator":{"name":"functions"},"message":"[runtime-status] [8248] Resolved module firebase-functions {\"declared\":true,\"installed\":true,\"version\":\"3.13.2\",\"resolution\":\"C:\\\\Users\\\\Jay\\\\Desktop\\\\Htmlprojects\\\\amazon-clone\\\\functions\\\\node_modules\\\\firebase-functions\\\\lib\\\\index.js\"}"}}
[debug] [2021-03-08T07:00:38.190Z] [runtime-status] [8248] Resolved module firebase-functions {"declared":true,"installed":true,"version":"3.13.2","resolution":"C:\\Users\\Jay\\Desktop\\Htmlprojects\\amazon-clone\\functions\\node_modules\\firebase-functions\\lib\\index.js"} {"metadata":{"emulator":{"name":"functions"},"message":"[runtime-status] [8248] Resolved module firebase-functions {\"declared\":true,\"installed\":true,\"version\":\"3.13.2\",\"resolution\":\"C:\\\\Users\\\\Jay\\\\Desktop\\\\Htmlprojects\\\\amazon-clone\\\\functions\\\\node_modules\\\\firebase-functions\\\\lib\\\\index.js\"}"}}
[debug] [2021-03-08T07:00:38.192Z] [runtime-status] [8248] Outgoing network have been stubbed. [{"name":"http","status":"mocked"},{"name":"http","status":"mocked"},{"name":"https","status":"mocked"},{"name":"https","status":"mocked"},{"name":"net","status":"mocked"}] {"metadata":{"emulator":{"name":"functions"},"message":"[runtime-status] [8248] Outgoing network have been stubbed. [{\"name\":\"http\",\"status\":\"mocked\"},{\"name\":\"http\",\"status\":\"mocked\"},{\"name\":\"https\",\"status\":\"mocked\"},{\"name\":\"https\",\"status\":\"mocked\"},{\"name\":\"net\",\"status\":\"mocked\"}]"}}
[debug] [2021-03-08T07:00:38.192Z] [runtime-status] [8248] Resolved module firebase-functions {"declared":true,"installed":true,"version":"3.13.2","resolution":"C:\\Users\\Jay\\Desktop\\Htmlprojects\\amazon-clone\\functions\\node_modules\\firebase-functions\\lib\\index.js"} {"metadata":{"emulator":{"name":"functions"},"message":"[runtime-status] [8248] Resolved module firebase-functions {\"declared\":true,\"installed\":true,\"version\":\"3.13.2\",\"resolution\":\"C:\\\\Users\\\\Jay\\\\Desktop\\\\Htmlprojects\\\\amazon-clone\\\\functions\\\\node_modules\\\\firebase-functions\\\\lib\\\\index.js\"}"}}
[debug] [2021-03-08T07:00:38.292Z] [runtime-status] [8248] Checked functions.config() {"config":{}} {"metadata":{"emulator":{"name":"functions"},"message":"[runtime-status] [8248] Checked functions.config() {\"config\":{}}"}}
[debug] [2021-03-08T07:00:38.292Z] [runtime-status] [8248] firebase-functions has been stubbed. {"functionsResolution":{"declared":true,"installed":true,"version":"3.13.2","resolution":"C:\\Users\\Jay\\Desktop\\Htmlprojects\\amazon-clone\\functions\\node_modules\\firebase-functions\\lib\\index.js"}} {"metadata":{"emulator":{"name":"functions"},"message":"[runtime-status] [8248] firebase-functions has been stubbed. {\"functionsResolution\":{\"declared\":true,\"installed\":true,\"version\":\"3.13.2\",\"resolution\":\"C:\\\\Users\\\\Jay\\\\Desktop\\\\Htmlprojects\\\\amazon-clone\\\\functions\\\\node_modules\\\\firebase-functions\\\\lib\\\\index.js\"}}"}}
[debug] [2021-03-08T07:00:38.293Z] [runtime-status] [8248] Resolved module firebase-functions {"declared":true,"installed":true,"version":"3.13.2","resolution":"C:\\Users\\Jay\\Desktop\\Htmlprojects\\amazon-clone\\functions\\node_modules\\firebase-functions\\lib\\index.js"} {"metadata":{"emulator":{"name":"functions"},"message":"[runtime-status] [8248] Resolved module firebase-functions {\"declared\":true,\"installed\":true,\"version\":\"3.13.2\",\"resolution\":\"C:\\\\Users\\\\Jay\\\\Desktop\\\\Htmlprojects\\\\amazon-clone\\\\functions\\\\node_modules\\\\firebase-functions\\\\lib\\\\index.js\"}"}}
[debug] [2021-03-08T07:00:38.294Z] [runtime-status] [8248] Resolved module firebase-admin {"declared":true,"installed":true,"version":"9.5.0","resolution":"C:\\Users\\Jay\\Desktop\\Htmlprojects\\amazon-clone\\functions\\node_modules\\firebase-admin\\lib\\index.js"} {"metadata":{"emulator":{"name":"functions"},"message":"[runtime-status] [8248] Resolved module firebase-admin {\"declared\":true,\"installed\":true,\"version\":\"9.5.0\",\"resolution\":\"C:\\\\Users\\\\Jay\\\\Desktop\\\\Htmlprojects\\\\amazon-clone\\\\functions\\\\node_modules\\\\firebase-admin\\\\lib\\\\index.js\"}"}}
[debug] [2021-03-08T07:00:38.295Z] [runtime-status] [8248] Resolved module firebase-functions {"declared":true,"installed":true,"version":"3.13.2","resolution":"C:\\Users\\Jay\\Desktop\\Htmlprojects\\amazon-clone\\functions\\node_modules\\firebase-functions\\lib\\index.js"} {"metadata":{"emulator":{"name":"functions"},"message":"[runtime-status] [8248] Resolved module firebase-functions {\"declared\":true,\"installed\":true,\"version\":\"3.13.2\",\"resolution\":\"C:\\\\Users\\\\Jay\\\\Desktop\\\\Htmlprojects\\\\amazon-clone\\\\functions\\\\node_modules\\\\firebase-functions\\\\lib\\\\index.js\"}"}}
[debug] [2021-03-08T07:00:38.295Z] [runtime-status] [8248] firebase-admin has been stubbed. {"adminResolution":{"declared":true,"installed":true,"version":"9.5.0","resolution":"C:\\Users\\Jay\\Desktop\\Htmlprojects\\amazon-clone\\functions\\node_modules\\firebase-admin\\lib\\index.js"}} {"metadata":{"emulator":{"name":"functions"},"message":"[runtime-status] [8248] firebase-admin has been stubbed. {\"adminResolution\":{\"declared\":true,\"installed\":true,\"version\":\"9.5.0\",\"resolution\":\"C:\\\\Users\\\\Jay\\\\Desktop\\\\Htmlprojects\\\\amazon-clone\\\\functions\\\\node_modules\\\\firebase-admin\\\\lib\\\\index.js\"}}"}}
[info] +  functions[api]: http function initialized (http://localhost:5001/clone-7a3af/us-central1/api). {"metadata":{"emulator":{"name":"functions"},"message":"\u001b[1mhttp\u001b[22m function initialized (http://localhost:5001/clone-7a3af/us-central1/api)."}}
[info] 
┌─────────────────────────────────────────────────────────────┐
│ ✔  All emulators ready! It is now safe to connect your app. │
│ i  View Emulator UI at http://localhost:4000                │
└─────────────────────────────────────────────────────────────┘

┌───────────┬────────────────┬─────────────────────────────────┐
│ Emulator  │ Host:Port      │ View in Emulator UI             │
├───────────┼────────────────┼─────────────────────────────────┤
│ Functions │ localhost:5001 │ http://localhost:4000/functions │
└───────────┴────────────────┴─────────────────────────────────┘
  Emulator Hub running at localhost:4400
  Other reserved ports: 4500

Issues? Report them at https://github.com/firebase/firebase-tools/issues and attach the *-debug.log files.
 
[debug] [2021-03-08T07:00:38.573Z] [worker-~diagnostic~-f5cf18f1-f2a9-4768-b7de-02a6960a868d]: IDLE {"metadata":{"emulator":{"name":"functions"},"message":"[worker-~diagnostic~-f5cf18f1-f2a9-4768-b7de-02a6960a868d]: IDLE"}}
